20:19:7 - silly: [HTTP] Listening on port 9000
20:19:7 - silly: [PeerManager] Starting Peer Manager with pseudo : serveur
20:20:9 - silly: [HTTP] Listening on port 9001
20:20:9 - silly: [PeerManager] Starting Peer Manager with pseudo : client
20:20:9 - silly: [PeerServer] A Client has Connected to this Server
20:20:9 - silly: [PeerClient] Connection to http://localhost:9000 ... OK !
20:21:34 - silly: [PeerServer] Disconnecting 
20:39:30 - silly: [HTTP] Listening on port 9001
20:39:30 - silly: [PeerManager] Starting Peer Manager with pseudo : client
20:39:30 - silly: [PeerServer] A Client has Connected to this Server
20:39:30 - silly: [PeerClient] Connection to http://localhost:9000 ... OK !
20:39:30 - silly: [PeerClient] PING n°1
20:39:48 - silly: [HTTP] Listening on port 9002
20:39:48 - silly: [PeerManager] Starting Peer Manager with pseudo : client2
20:39:48 - silly: [PeerServer] A Client has Connected to this Server
20:39:48 - silly: [PeerClient] Connection to http://localhost:9000 ... OK !
20:39:48 - silly: [PeerClient] PING n°1
20:39:55 - silly: [PeerServer] Disconnecting 
20:39:59 - silly: [HTTP] Listening on port 9003
20:39:59 - silly: [PeerManager] Starting Peer Manager with pseudo : client3
20:40:8 - silly: [HTTP] Listening on port 9004
20:40:8 - silly: [PeerManager] Starting Peer Manager with pseudo : client4
20:40:8 - silly: [PeerServer] A Client has Connected to this Server
20:40:9 - silly: [PeerClient] Connection to http://localhost:9002 ... OK !
20:40:9 - silly: [PeerClient] PING n°1
20:40:13 - silly: [PeerServer] Disconnecting 
20:40:14 - silly: [HTTP] Listening on port 9001
20:40:14 - silly: [PeerManager] Starting Peer Manager with pseudo : client
20:40:14 - silly: [PeerServer] A Client has Connected to this Server
20:40:14 - silly: [PeerClient] Connection to http://localhost:9000 ... OK !
20:40:14 - silly: [PeerClient] PING n°1
20:40:18 - silly: [PeerServer] A Client has Connected to this Server
20:40:18 - silly: [PeerClient] Connection to http://localhost:9001 ... OK !
20:40:18 - silly: [PeerClient] PING n°1
20:40:39 - silly: [PeerServer] Disconnecting 
20:40:45 - silly: [HTTP] Listening on port 9001
20:40:45 - silly: [PeerManager] Starting Peer Manager with pseudo : client
20:40:45 - silly: [PeerServer] A Client has Connected to this Server
20:40:45 - silly: [PeerClient] Connection to http://localhost:9000 ... OK !
20:40:45 - silly: [PeerClient] PING n°1
20:40:46 - silly: [PeerServer] A Client has Connected to this Server
20:40:46 - silly: [PeerClient] Connection to http://localhost:9001 ... OK !
20:40:46 - silly: [PeerClient] PING n°1
20:40:52 - silly: [HTTP] Listening on port 9002
20:40:52 - silly: [PeerManager] Starting Peer Manager with pseudo : client2
20:40:52 - silly: [PeerServer] A Client has Connected to this Server
20:40:52 - silly: [PeerClient] Connection to http://localhost:9000 ... OK !
20:40:52 - silly: [PeerClient] PING n°1
20:40:57 - silly: [PeerServer] A Client has Connected to this Server
20:40:57 - silly: [PeerClient] Connection to http://localhost:9002 ... OK !
20:40:57 - silly: [PeerClient] PING n°1
20:41:11 - silly: [PeerServer] Disconnecting 
20:41:17 - silly: [PeerServer] Disconnecting 
20:41:26 - silly: [HTTP] Listening on port 9001
20:41:26 - silly: [PeerManager] Starting Peer Manager with pseudo : client
20:41:26 - silly: [PeerServer] A Client has Connected to this Server
20:41:26 - silly: [PeerClient] Connection to http://localhost:9000 ... OK !
20:41:46 - silly: [PeerClient] PING n°1
20:41:46 - silly: [PeerServer] A Client has Connected to this Server
20:41:46 - silly: [PeerClient] Connection to http://localhost:9001 ... OK !
20:42:51 - silly: [PeerServer] Disconnecting 
20:42:52 - silly: [PeerServer] A Client has Connected to this Server
20:42:52 - silly: [PeerClient] Connection to http://localhost:9000 ... OK !
20:44:17 - silly: [PeerServer] Disconnecting 
