20:50:39 - silly: [HTTP] Listening on port 3001
20:50:39 - silly: [PeerManager] Starting Peer Manager
20:50:39 - silly: [PeerManager] Welcome onzeur
20:51:54 - silly: [HTTP] Listening on port 3001
20:51:54 - silly: [PeerManager] Starting Peer Manager with pseudo onzeur
20:52:1 - silly: [HTTP] Listening on port 3001
20:52:1 - silly: [PeerManager] Starting Peer Manager with pseudo : onzeur
20:59:23 - silly: [HTTP] Listening on port 9000
20:59:23 - silly: [PeerManager] Starting Peer Manager with pseudo : serveur
20:59:28 - silly: [HTTP] Listening on port 9001
20:59:28 - silly: [PeerManager] Starting Peer Manager with pseudo : client
21:0:9 - silly: [HTTP] Listening on port 9001
21:0:9 - silly: [PeerManager] Starting Peer Manager with pseudo : client
21:0:39 - silly: [HTTP] Listening on port 9001
21:0:39 - silly: [PeerManager] Starting Peer Manager with pseudo : client
21:0:39 - silly: here
21:1:1 - silly: [HTTP] Listening on port 9001
21:1:1 - silly: [PeerManager] Starting Peer Manager with pseudo : client
21:1:1 - silly: here
21:1:30 - silly: [HTTP] Listening on port 9001
21:1:30 - silly: [PeerManager] Starting Peer Manager with pseudo : client
21:2:5 - silly: [HTTP] Listening on port 9001
21:2:5 - silly: [PeerManager] Starting Peer Manager with pseudo : client
21:2:5 - silly: [PeerManagerC] herehttp://localhost:9000
21:2:22 - silly: [HTTP] Listening on port 9000
21:2:22 - silly: [PeerManager] Starting Peer Manager with pseudo : serveur
21:2:26 - silly: [HTTP] Listening on port 9001
21:2:26 - silly: [PeerManager] Starting Peer Manager with pseudo : client
21:3:6 - silly: [HTTP] Listening on port 9001
21:3:6 - silly: [PeerManager] Starting Peer Manager with pseudo : client
21:3:6 - silly: [PeerManagerC] Connection to http://localhost:9000 ...
21:8:20 - silly: [HTTP] Listening on port 9001
21:8:20 - silly: [PeerManager] Starting Peer Manager with pseudo : client
21:8:20 - silly: [PeerManagerC] Connection to http://localhost:9000 ...
21:9:41 - silly: [HTTP] Listening on port 9001
21:9:41 - silly: [PeerManager] Starting Peer Manager with pseudo : client
21:9:41 - silly: [PeerManagerC] Connection to http://localhost:9000 ...
21:10:0 - silly: [HTTP] Listening on port 9001
21:10:0 - silly: [PeerManager] Starting Peer Manager with pseudo : client
21:10:0 - silly: [PeerManagerC] Connection to http://localhost:9000 ...
21:12:58 - silly: [HTTP] Listening on port 9001
21:12:58 - silly: [PeerManager] Starting Peer Manager with pseudo : client
21:12:58 - silly: [PeerManagerC] Connection to http://localhost:9000 ...
21:13:12 - silly: [HTTP] Listening on port 9001
21:13:12 - silly: [PeerManager] Starting Peer Manager with pseudo : client
21:13:12 - silly: [PeerManagerC] Connection to http://localhost:9000 ...
21:16:25 - silly: [HTTP] Listening on port 9001
21:16:48 - silly: [HTTP] Listening on port 9000
21:16:48 - silly: [PeerManager] Starting Peer Manager with pseudo : serveur
21:16:30 - silly: [HTTP] Listening on port 9001
21:16:30 - silly: [PeerManager] Starting Peer Manager with pseudo : client
21:16:30 - silly: [PeerManagerC] Connection to http://localhost:9000 ...
21:16:54 - silly: [HTTP] Listening on port 9001
21:16:54 - silly: [PeerManager] Starting Peer Manager with pseudo : client
21:16:54 - silly: [PeerManagerC] Connection to http://localhost:9000 ...
21:17:35 - silly: [HTTP] Listening on port 9001
21:17:35 - silly: [PeerManager] Starting Peer Manager with pseudo : client
21:17:35 - silly: [PeerManagerC] Connection to http://localhost:9000 ...
21:17:43 - silly: [HTTP] Listening on port 9001
21:38:49 - silly: [HTTP] Listening on port 9001
21:38:49 - silly: [PeerManager] Starting Peer Manager with pseudo : client
21:38:49 - silly: [PeerManagerC] Connection to http://localhost:9000 ...
21:41:21 - silly: [HTTP] Listening on port 9001
21:45:27 - silly: [HTTP] Listening on port 9001
21:45:27 - silly: [PeerManager] Starting Peer Manager with pseudo : client
21:45:27 - silly: [PeerManagerC] Connection to http://localhost:9000 ...
21:45:45 - silly: [HTTP] Listening on port 9000
21:45:45 - silly: [PeerManager] Starting Peer Manager with pseudo : serveur
21:48:9 - silly: [HTTP] Listening on port 9000
21:48:9 - silly: [PeerManager] Starting Peer Manager with pseudo : serveur
21:48:14 - silly: [HTTP] Listening on port 9001
21:48:14 - silly: [PeerManager] Starting Peer Manager with pseudo : client
21:48:14 - silly: [PeerManagerC] Connection to http://localhost:9000 ...
21:49:16 - silly: [HTTP] Listening on port 9001
21:49:16 - silly: [PeerManager] Starting Peer Manager with pseudo : client
21:49:16 - silly: [PeerManagerC] Connection to http://localhost:9000 ...
21:49:17 - silly: [HTTP] Listening on port 9000
21:49:17 - silly: [PeerManager] Starting Peer Manager with pseudo : serveur
21:50:59 - silly: [HTTP] Listening on port 9000
21:50:59 - silly: [PeerManager] Starting Peer Manager with pseudo : serveur
21:51:21 - silly: [HTTP] Listening on port 9000
21:51:21 - silly: [PeerManager] Starting Peer Manager with pseudo : serveur
21:51:22 - silly: [PeerServer] A Client has Connected to this Server
21:51:24 - silly: [PeerServer] A Client has Connected to this Server
21:51:30 - silly: [PeerManagerC] Connection to undefined ... OK !
21:51:54 - silly: [HTTP] Listening on port 9001
21:51:54 - silly: [PeerManager] Starting Peer Manager with pseudo : client
21:51:54 - silly: [PeerManagerC] Connection to http://localhost:9000 ...
21:51:54 - silly: [PeerServer] A Client has Connected to this Server
21:52:29 - silly: [PeerManagerC] Connection to undefined ... OK !
21:52:30 - silly: [HTTP] Listening on port 9001
21:52:30 - silly: [PeerServer] A Client has Connected to this Server
21:52:30 - silly: [PeerManager] Starting Peer Manager with pseudo : client
21:52:30 - silly: [PeerManagerC] Connection to http://localhost:9000 ...
21:53:0 - silly: [PeerManagerC] Connection to undefined ... OK !
21:54:27 - silly: [HTTP] Listening on port 9001
21:54:27 - silly: [PeerManager] Starting Peer Manager with pseudo : client
21:54:27 - silly: [PeerManagerC] Connection to http://localhost:9000 ...
21:54:27 - silly: [PeerServer] A Client has Connected to this Server
21:54:27 - silly: [PeerServer] A Client has Connected to this Server
21:54:27 - silly: [PeerManagerC] Connection to undefined ... OK !
21:54:30 - silly: [PeerServer] A Client has Connected to this Server
21:54:39 - silly: [HTTP] Listening on port 9001
21:54:39 - silly: [PeerManager] Starting Peer Manager with pseudo : client
21:54:39 - silly: [PeerManagerC] Connection to http://localhost:9000 ...
21:54:39 - silly: [PeerServer] A Client has Connected to this Server
21:54:39 - silly: [PeerServer] A Client has Connected to this Server
21:54:39 - silly: [PeerManagerC] Connection to http://localhost:9000 ... OK !
21:54:40 - silly: [PeerServer] A Client has Connected to this Server
22:13:25 - silly: [HTTP] Listening on port 9001
22:13:25 - silly: [PeerManager] Starting Peer Manager with pseudo : client
22:13:25 - silly: [PeerServer] A Client has Connected to this Server
22:13:25 - silly: [PeerServer] A Client has Connected to this Server
22:13:26 - silly: [PeerClient] Connection to http://localhost:9000 ... OK !
22:13:27 - silly: [PeerServer] A Client has Connected to this Server
22:13:38 - silly: [HTTP] Listening on port 9000
22:13:38 - silly: [PeerManager] Starting Peer Manager with pseudo : serveur
22:13:38 - silly: [PeerServer] A Client has Connected to this Server
22:13:38 - silly: [PeerServer] A Client has Connected to this Server
22:13:39 - silly: [PeerServer] A Client has Connected to this Server
22:13:39 - silly: [PeerClient] Connection to http://localhost:9000 ... OK !
22:13:48 - silly: [HTTP] Listening on port 9002
22:13:48 - silly: [PeerManager] Starting Peer Manager with pseudo : client2
22:13:48 - silly: [PeerServer] A Client has Connected to this Server
22:13:48 - silly: [PeerServer] A Client has Connected to this Server
22:13:48 - silly: [PeerClient] Connection to http://localhost:9000 ... OK !
22:13:48 - silly: [PeerServer] A Client has Connected to this Server
22:13:50 - silly: [HTTP] Listening on port 9003
22:13:50 - silly: [PeerManager] Starting Peer Manager with pseudo : client3
22:13:50 - silly: [PeerServer] A Client has Connected to this Server
22:13:50 - silly: [PeerServer] A Client has Connected to this Server
22:13:50 - silly: [PeerClient] Connection to http://localhost:9001 ... OK !
22:13:53 - silly: [HTTP] Listening on port 9004
22:13:53 - silly: [PeerManager] Starting Peer Manager with pseudo : client4
22:13:53 - silly: [PeerServer] A Client has Connected to this Server
22:13:53 - silly: [PeerServer] A Client has Connected to this Server
22:13:53 - silly: [PeerClient] Connection to http://localhost:9002 ... OK !
22:15:5 - silly: [HTTP] Listening on port 9001
22:15:5 - silly: [PeerManager] Starting Peer Manager with pseudo : client
22:15:5 - silly: [PeerServer] A Client has Connected to this Server
22:15:5 - silly: [PeerServer] A Client has Connected to this Server
22:15:5 - silly: [PeerClient] Connection to http://localhost:9000 ... OK !
22:15:15 - silly: [PeerServer] A Client has Connected to this Server
22:15:20 - silly: [PeerServer] A Client has Connected to this Server
22:15:21 - silly: [HTTP] Listening on port 9001
22:15:21 - silly: [PeerManager] Starting Peer Manager with pseudo : client
22:15:29 - silly: [PeerServer] A Client has Connected to this Server
22:15:30 - silly: [HTTP] Listening on port 9001
22:15:30 - silly: [PeerManager] Starting Peer Manager with pseudo : client
22:15:34 - silly: [PeerServer] A Client has Connected to this Server
22:15:37 - silly: [PeerClient] Connection to http://localhost:9001 ... OK !
23:55:38 - silly: [PeerServer] A Client has Connected to this Server
23:55:38 - silly: [PeerServer] A Client has Connected to this Server
23:55:38 - silly: [PeerServer] A Client has Connected to this Server
23:55:38 - silly: [PeerServer] A Client has Connected to this Server
23:55:38 - silly: [PeerServer] A Client has Connected to this Server
23:55:38 - silly: [PeerServer] A Client has Connected to this Server
23:55:38 - silly: [PeerServer] A Client has Connected to this Server
23:55:38 - silly: [PeerServer] A Client has Connected to this Server
23:55:38 - silly: [PeerServer] A Client has Connected to this Server
23:55:38 - silly: [PeerServer] A Client has Connected to this Server
23:55:38 - silly: [PeerServer] A Client has Connected to this Server
23:55:38 - silly: [PeerServer] A Client has Connected to this Server
23:55:38 - silly: [PeerServer] A Client has Connected to this Server
23:55:38 - silly: [PeerServer] A Client has Connected to this Server
23:55:38 - silly: [PeerServer] A Client has Connected to this Server
23:55:38 - silly: [PeerServer] A Client has Connected to this Server
23:55:38 - silly: [PeerServer] A Client has Connected to this Server
23:55:38 - silly: [PeerServer] A Client has Connected to this Server
23:55:38 - silly: [PeerServer] A Client has Connected to this Server
23:55:38 - silly: [PeerServer] A Client has Connected to this Server
23:55:38 - silly: [PeerServer] A Client has Connected to this Server
23:55:38 - silly: [PeerServer] A Client has Connected to this Server
23:55:38 - silly: [PeerServer] A Client has Connected to this Server
23:55:38 - silly: [PeerServer] A Client has Connected to this Server
23:55:38 - silly: [PeerServer] A Client has Connected to this Server
23:55:38 - silly: [PeerServer] A Client has Connected to this Server
23:55:38 - silly: [PeerServer] A Client has Connected to this Server
23:55:38 - silly: [PeerServer] A Client has Connected to this Server
23:55:38 - silly: [PeerServer] A Client has Connected to this Server
23:55:38 - silly: [PeerServer] A Client has Connected to this Server
23:55:38 - silly: [PeerServer] A Client has Connected to this Server
23:55:38 - silly: [PeerServer] A Client has Connected to this Server
23:55:38 - silly: [PeerServer] A Client has Connected to this Server
23:55:38 - silly: [PeerServer] A Client has Connected to this Server
23:55:38 - silly: [PeerServer] A Client has Connected to this Server
23:55:38 - silly: [PeerServer] A Client has Connected to this Server
23:55:38 - silly: [PeerServer] A Client has Connected to this Server
23:55:38 - silly: [PeerServer] A Client has Connected to this Server
23:55:38 - silly: [PeerServer] A Client has Connected to this Server
23:55:38 - silly: [PeerServer] A Client has Connected to this Server
23:55:38 - silly: [PeerServer] A Client has Connected to this Server
23:55:38 - silly: [PeerServer] A Client has Connected to this Server
23:55:38 - silly: [PeerServer] A Client has Connected to this Server
23:55:38 - silly: [PeerServer] A Client has Connected to this Server
23:55:38 - silly: [PeerServer] A Client has Connected to this Server
23:55:38 - silly: [PeerServer] A Client has Connected to this Server
23:55:38 - silly: [PeerServer] A Client has Connected to this Server
23:55:38 - silly: [PeerServer] A Client has Connected to this Server
23:55:38 - silly: [PeerServer] A Client has Connected to this Server
23:55:38 - silly: [PeerServer] A Client has Connected to this Server
23:55:38 - silly: [PeerServer] A Client has Connected to this Server
23:55:38 - silly: [PeerServer] A Client has Connected to this Server
23:55:38 - silly: [PeerServer] A Client has Connected to this Server
23:55:38 - silly: [PeerServer] A Client has Connected to this Server
23:55:38 - silly: [PeerServer] A Client has Connected to this Server
23:55:38 - silly: [PeerServer] A Client has Connected to this Server
23:55:38 - silly: [PeerServer] A Client has Connected to this Server
23:55:38 - silly: [PeerServer] A Client has Connected to this Server
23:55:38 - silly: [PeerServer] A Client has Connected to this Server
23:55:38 - silly: [PeerServer] A Client has Connected to this Server
23:55:38 - silly: [PeerServer] A Client has Connected to this Server
23:55:38 - silly: [PeerServer] A Client has Connected to this Server
23:55:38 - silly: [PeerServer] A Client has Connected to this Server
23:55:38 - silly: [PeerServer] A Client has Connected to this Server
23:55:38 - silly: [PeerServer] A Client has Connected to this Server
23:55:38 - silly: [PeerServer] A Client has Connected to this Server
23:55:38 - silly: [PeerServer] A Client has Connected to this Server
23:55:38 - silly: [PeerServer] A Client has Connected to this Server
23:55:38 - silly: [PeerServer] A Client has Connected to this Server
23:55:38 - silly: [PeerServer] A Client has Connected to this Server
23:55:38 - silly: [PeerServer] A Client has Connected to this Server
23:55:38 - silly: [PeerServer] A Client has Connected to this Server
23:55:38 - silly: [PeerServer] A Client has Connected to this Server
23:55:38 - silly: [PeerServer] A Client has Connected to this Server
23:55:38 - silly: [PeerServer] A Client has Connected to this Server
23:55:38 - silly: [PeerServer] A Client has Connected to this Server
23:55:38 - silly: [PeerServer] A Client has Connected to this Server
23:55:38 - silly: [PeerServer] A Client has Connected to this Server
23:55:38 - silly: [PeerServer] A Client has Connected to this Server
23:55:38 - silly: [PeerServer] A Client has Connected to this Server
23:55:38 - silly: [PeerServer] A Client has Connected to this Server
23:55:38 - silly: [PeerServer] A Client has Connected to this Server
23:55:38 - silly: [PeerServer] A Client has Connected to this Server
23:55:38 - silly: [PeerServer] A Client has Connected to this Server
23:55:38 - silly: [PeerServer] A Client has Connected to this Server
23:55:38 - silly: [PeerServer] A Client has Connected to this Server
23:55:38 - silly: [PeerServer] A Client has Connected to this Server
23:55:38 - silly: [PeerServer] A Client has Connected to this Server
23:55:38 - silly: [PeerServer] A Client has Connected to this Server
23:55:38 - silly: [PeerServer] A Client has Connected to this Server
23:55:38 - silly: [PeerServer] A Client has Connected to this Server
23:55:38 - silly: [PeerServer] A Client has Connected to this Server
23:55:38 - silly: [PeerServer] A Client has Connected to this Server
23:55:38 - silly: [PeerServer] A Client has Connected to this Server
23:55:38 - silly: [PeerServer] A Client has Connected to this Server
23:55:38 - silly: [PeerServer] A Client has Connected to this Server
23:55:38 - silly: [PeerServer] A Client has Connected to this Server
23:55:38 - silly: [PeerServer] A Client has Connected to this Server
23:55:38 - silly: [PeerServer] A Client has Connected to this Server
23:55:38 - silly: [PeerServer] A Client has Connected to this Server
23:55:38 - silly: [PeerServer] A Client has Connected to this Server
23:55:38 - silly: [PeerServer] A Client has Connected to this Server
23:55:38 - silly: [PeerServer] A Client has Connected to this Server
23:55:38 - silly: [PeerServer] A Client has Connected to this Server
23:55:38 - silly: [PeerServer] A Client has Connected to this Server
23:55:38 - silly: [PeerServer] A Client has Connected to this Server
23:55:38 - silly: [PeerServer] A Client has Connected to this Server
23:55:38 - silly: [PeerServer] A Client has Connected to this Server
23:55:38 - silly: [PeerServer] A Client has Connected to this Server
23:55:38 - silly: [PeerServer] A Client has Connected to this Server
23:55:38 - silly: [PeerServer] A Client has Connected to this Server
23:55:38 - silly: [PeerServer] A Client has Connected to this Server
23:55:38 - silly: [PeerServer] A Client has Connected to this Server
23:55:38 - silly: [PeerServer] A Client has Connected to this Server
23:55:38 - silly: [PeerServer] A Client has Connected to this Server
23:55:38 - silly: [PeerServer] A Client has Connected to this Server
23:55:38 - silly: [PeerServer] A Client has Connected to this Server
23:55:38 - silly: [PeerServer] A Client has Connected to this Server
23:55:38 - silly: [PeerServer] A Client has Connected to this Server
23:55:38 - silly: [PeerServer] A Client has Connected to this Server
23:55:38 - silly: [PeerServer] A Client has Connected to this Server
23:55:38 - silly: [PeerServer] A Client has Connected to this Server
23:55:38 - silly: [PeerServer] A Client has Connected to this Server
23:55:39 - silly: [PeerServer] A Client has Connected to this Server
23:55:39 - silly: [PeerClient] Connection to http://localhost:9001 ... OK !
23:55:40 - silly: [PeerServer] A Client has Connected to this Server
23:55:41 - silly: [PeerServer] A Client has Connected to this Server
23:55:47 - silly: [PeerServer] A Client has Connected to this Server
23:55:47 - silly: [PeerServer] A Client has Connected to this Server
23:55:47 - silly: [PeerServer] A Client has Connected to this Server
23:55:47 - silly: [PeerServer] A Client has Connected to this Server
23:55:47 - silly: [PeerServer] A Client has Connected to this Server
23:55:47 - silly: [PeerServer] A Client has Connected to this Server
23:55:47 - silly: [PeerServer] A Client has Connected to this Server
23:55:47 - silly: [PeerServer] A Client has Connected to this Server
23:55:47 - silly: [PeerServer] A Client has Connected to this Server
23:55:47 - silly: [PeerServer] A Client has Connected to this Server
23:55:47 - silly: [PeerServer] A Client has Connected to this Server
23:55:47 - silly: [PeerServer] A Client has Connected to this Server
23:55:47 - silly: [PeerServer] A Client has Connected to this Server
23:55:47 - silly: [PeerServer] A Client has Connected to this Server
23:55:47 - silly: [PeerServer] A Client has Connected to this Server
23:55:47 - silly: [PeerServer] A Client has Connected to this Server
23:55:47 - silly: [PeerServer] A Client has Connected to this Server
23:55:47 - silly: [PeerServer] A Client has Connected to this Server
23:55:47 - silly: [PeerServer] A Client has Connected to this Server
23:55:47 - silly: [PeerServer] A Client has Connected to this Server
23:55:47 - silly: [PeerServer] A Client has Connected to this Server
23:55:47 - silly: [PeerServer] A Client has Connected to this Server
23:55:47 - silly: [PeerServer] A Client has Connected to this Server
23:55:47 - silly: [PeerServer] A Client has Connected to this Server
23:55:47 - silly: [PeerServer] A Client has Connected to this Server
23:55:47 - silly: [PeerServer] A Client has Connected to this Server
23:55:47 - silly: [PeerServer] A Client has Connected to this Server
23:55:47 - silly: [PeerServer] A Client has Connected to this Server
23:55:47 - silly: [PeerServer] A Client has Connected to this Server
23:55:47 - silly: [PeerServer] A Client has Connected to this Server
23:55:47 - silly: [PeerServer] A Client has Connected to this Server
23:55:47 - silly: [PeerServer] A Client has Connected to this Server
23:55:47 - silly: [PeerServer] A Client has Connected to this Server
23:55:47 - silly: [PeerServer] A Client has Connected to this Server
23:55:47 - silly: [PeerServer] A Client has Connected to this Server
23:55:47 - silly: [PeerServer] A Client has Connected to this Server
23:55:47 - silly: [PeerServer] A Client has Connected to this Server
23:55:47 - silly: [PeerServer] A Client has Connected to this Server
23:55:47 - silly: [PeerServer] A Client has Connected to this Server
23:55:47 - silly: [PeerServer] A Client has Connected to this Server
23:55:47 - silly: [PeerServer] A Client has Connected to this Server
23:55:47 - silly: [PeerServer] A Client has Connected to this Server
23:55:47 - silly: [PeerServer] A Client has Connected to this Server
23:55:47 - silly: [PeerServer] A Client has Connected to this Server
23:55:47 - silly: [PeerServer] A Client has Connected to this Server
23:55:47 - silly: [PeerServer] A Client has Connected to this Server
23:55:47 - silly: [PeerServer] A Client has Connected to this Server
23:55:47 - silly: [PeerServer] A Client has Connected to this Server
23:55:47 - silly: [PeerServer] A Client has Connected to this Server
23:55:47 - silly: [PeerServer] A Client has Connected to this Server
23:55:47 - silly: [PeerServer] A Client has Connected to this Server
23:55:47 - silly: [PeerServer] A Client has Connected to this Server
23:55:47 - silly: [PeerServer] A Client has Connected to this Server
23:55:47 - silly: [PeerServer] A Client has Connected to this Server
23:55:47 - silly: [PeerServer] A Client has Connected to this Server
23:55:47 - silly: [PeerServer] A Client has Connected to this Server
23:55:47 - silly: [PeerServer] A Client has Connected to this Server
23:55:47 - silly: [PeerServer] A Client has Connected to this Server
23:55:47 - silly: [PeerServer] A Client has Connected to this Server
23:55:47 - silly: [PeerServer] A Client has Connected to this Server
23:55:47 - silly: [PeerServer] A Client has Connected to this Server
23:55:47 - silly: [PeerServer] A Client has Connected to this Server
23:55:47 - silly: [PeerServer] A Client has Connected to this Server
23:55:47 - silly: [PeerServer] A Client has Connected to this Server
23:55:47 - silly: [PeerServer] A Client has Connected to this Server
23:55:47 - silly: [PeerServer] A Client has Connected to this Server
23:55:47 - silly: [PeerServer] A Client has Connected to this Server
23:55:47 - silly: [PeerServer] A Client has Connected to this Server
23:55:47 - silly: [PeerServer] A Client has Connected to this Server
23:55:47 - silly: [PeerServer] A Client has Connected to this Server
23:55:47 - silly: [PeerServer] A Client has Connected to this Server
23:55:47 - silly: [PeerServer] A Client has Connected to this Server
23:55:47 - silly: [PeerServer] A Client has Connected to this Server
23:55:47 - silly: [PeerServer] A Client has Connected to this Server
23:55:47 - silly: [PeerServer] A Client has Connected to this Server
23:55:47 - silly: [PeerServer] A Client has Connected to this Server
23:55:47 - silly: [PeerServer] A Client has Connected to this Server
23:55:47 - silly: [PeerServer] A Client has Connected to this Server
23:55:47 - silly: [PeerServer] A Client has Connected to this Server
23:55:47 - silly: [PeerServer] A Client has Connected to this Server
23:55:47 - silly: [PeerServer] A Client has Connected to this Server
23:55:47 - silly: [PeerServer] A Client has Connected to this Server
23:55:47 - silly: [PeerServer] A Client has Connected to this Server
23:55:47 - silly: [PeerServer] A Client has Connected to this Server
23:55:47 - silly: [PeerServer] A Client has Connected to this Server
23:55:47 - silly: [PeerServer] A Client has Connected to this Server
23:55:47 - silly: [PeerServer] A Client has Connected to this Server
23:55:47 - silly: [PeerServer] A Client has Connected to this Server
23:55:47 - silly: [PeerServer] A Client has Connected to this Server
23:55:47 - silly: [PeerServer] A Client has Connected to this Server
23:55:47 - silly: [PeerServer] A Client has Connected to this Server
23:55:47 - silly: [PeerServer] A Client has Connected to this Server
23:55:47 - silly: [PeerServer] A Client has Connected to this Server
23:55:47 - silly: [PeerServer] A Client has Connected to this Server
23:55:47 - silly: [PeerServer] A Client has Connected to this Server
23:55:47 - silly: [PeerServer] A Client has Connected to this Server
23:55:47 - silly: [PeerServer] A Client has Connected to this Server
23:55:47 - silly: [PeerServer] A Client has Connected to this Server
23:55:47 - silly: [PeerServer] A Client has Connected to this Server
23:55:47 - silly: [PeerServer] A Client has Connected to this Server
23:55:47 - silly: [PeerServer] A Client has Connected to this Server
23:55:47 - silly: [PeerServer] A Client has Connected to this Server
23:55:47 - silly: [PeerServer] A Client has Connected to this Server
23:55:47 - silly: [PeerServer] A Client has Connected to this Server
23:55:47 - silly: [PeerServer] A Client has Connected to this Server
23:55:47 - silly: [PeerServer] A Client has Connected to this Server
23:55:47 - silly: [PeerServer] A Client has Connected to this Server
23:55:47 - silly: [PeerServer] A Client has Connected to this Server
23:55:47 - silly: [PeerServer] A Client has Connected to this Server
23:55:47 - silly: [PeerServer] A Client has Connected to this Server
23:55:47 - silly: [PeerServer] A Client has Connected to this Server
23:55:47 - silly: [PeerServer] A Client has Connected to this Server
23:55:47 - silly: [PeerServer] A Client has Connected to this Server
23:55:47 - silly: [PeerServer] A Client has Connected to this Server
23:55:47 - silly: [PeerServer] A Client has Connected to this Server
23:55:47 - silly: [PeerServer] A Client has Connected to this Server
23:55:47 - silly: [PeerServer] A Client has Connected to this Server
23:55:47 - silly: [PeerServer] A Client has Connected to this Server
23:55:47 - silly: [PeerServer] A Client has Connected to this Server
23:55:47 - silly: [PeerServer] A Client has Connected to this Server
23:55:47 - silly: [PeerServer] A Client has Connected to this Server
23:55:47 - silly: [PeerServer] A Client has Connected to this Server
23:55:47 - silly: [PeerServer] A Client has Connected to this Server
23:55:47 - silly: [PeerServer] A Client has Connected to this Server
23:55:47 - silly: [PeerServer] A Client has Connected to this Server
23:55:47 - silly: [PeerServer] A Client has Connected to this Server
23:55:47 - silly: [PeerServer] A Client has Connected to this Server
23:55:47 - silly: [PeerServer] A Client has Connected to this Server
23:55:47 - silly: [PeerServer] A Client has Connected to this Server
23:55:47 - silly: [PeerServer] A Client has Connected to this Server
23:55:48 - silly: [PeerServer] A Client has Connected to this Server
23:55:48 - silly: [PeerServer] A Client has Connected to this Server
23:55:49 - silly: [PeerClient] Connection to http://localhost:9000 ... OK !
23:55:49 - silly: [PeerServer] A Client has Connected to this Server
23:55:52 - silly: [PeerServer] A Client has Connected to this Server
23:55:52 - silly: [PeerServer] A Client has Connected to this Server
23:55:52 - silly: [PeerClient] Connection to http://localhost:9000 ... OK !
23:56:3 - silly: [PeerServer] A Client has Connected to this Server
23:56:3 - silly: [PeerServer] A Client has Connected to this Server
23:57:23 - silly: [HTTP] Listening on port 9000
23:57:23 - silly: [PeerManager] Starting Peer Manager with pseudo : serveur
23:57:23 - silly: [PeerServer] A Client has Connected to this Server
23:57:23 - silly: [PeerClient] Connection to http://localhost:9000 ... OK !
23:57:23 - silly: [HTTP] Listening on port 9001
23:57:23 - silly: [PeerManager] Starting Peer Manager with pseudo : client
23:57:23 - silly: [PeerServer] A Client has Connected to this Server
23:57:23 - silly: [PeerServer] A Client has Connected to this Server
23:57:23 - silly: [PeerServer] A Client has Connected to this Server
23:57:23 - silly: [PeerClient] Connection to http://localhost:9000 ... OK !
23:57:24 - silly: [PeerServer] A Client has Connected to this Server
23:57:24 - silly: [PeerClient] Connection to http://localhost:9001 ... OK !
23:57:24 - silly: [PeerServer] A Client has Connected to this Server
0:24:47 - silly: [PeerServer] Disconnecting 
0:24:47 - silly: [PeerServer] Disconnecting 
0:26:51 - silly: [HTTP] Listening on port 9001
0:26:51 - silly: [PeerServer] A Client has Connected to this Server
0:26:51 - silly: [PeerManager] Starting Peer Manager with pseudo : client
0:28:16 - silly: [PeerServer] Disconnecting 
0:29:43 - silly: [HTTP] Listening on port 9001
0:29:43 - silly: [PeerManager] Starting Peer Manager with pseudo : client
0:29:43 - silly: [PeerServer] A Client has Connected to this Server
0:29:43 - silly: [PeerClient] Connection to http://localhost:9000 ... OK !
0:30:9 - silly: [HTTP] Listening on port 9001
0:30:9 - silly: [PeerManager] Starting Peer Manager with pseudo : client
0:30:9 - silly: [PeerServer] A Client has Connected to this Server
0:30:9 - silly: [PeerClient] Connection to http://localhost:9000 ... OK !
0:30:29 - silly: [HTTP] Listening on port 9001
0:30:29 - silly: [PeerManager] Starting Peer Manager with pseudo : client
0:30:29 - silly: [PeerServer] A Client has Connected to this Server
0:30:29 - silly: [PeerClient] Connection to http://localhost:9000 ... OK !
0:30:43 - silly: [HTTP] Listening on port 9001
0:30:43 - silly: [PeerManager] Starting Peer Manager with pseudo : client
0:30:43 - silly: [PeerServer] A Client has Connected to this Server
0:30:43 - silly: [PeerClient] Connection to http://localhost:9000 ... OK !
0:30:45 - silly: [PeerServer] A Client has Connected to this Server
0:30:45 - silly: [PeerClient] Connection to http://localhost:9001 ... OK !
0:30:46 - silly: [PeerServer] A Client has Connected to this Server
0:31:8 - silly: [PeerServer] Disconnecting 
0:31:8 - silly: [PeerServer] Disconnecting 
0:31:34 - silly: [PeerServer] Disconnecting 
0:31:54 - silly: [PeerServer] Disconnecting 
0:41:40 - silly: [HTTP] Listening on port 9001
0:41:40 - silly: [PeerManager] Starting Peer Manager with pseudo : client
0:41:40 - silly: [PeerServer] A Client has Connected to this Server
0:41:40 - silly: [PeerClient] Connection to http://localhost:9000 ... OK !
0:41:41 - silly: [PeerServer] A Client has Connected to this Server
0:41:41 - silly: [PeerServer] A Client has Connected to this Server
0:41:41 - silly: [PeerClient] Connection to http://localhost:9001 ... OK !
0:41:45 - silly: [HTTP] Listening on port 9000
0:41:45 - silly: [PeerManager] Starting Peer Manager with pseudo : serveur
0:41:45 - silly: [PeerServer] A Client has Connected to this Server
0:41:45 - silly: [PeerClient] Connection to http://localhost:9000 ... OK !
0:41:46 - silly: [PeerServer] A Client has Connected to this Server
0:41:46 - silly: [PeerClient] Connection to http://localhost:9000 ... OK !
0:41:47 - silly: [PeerServer] A Client has Connected to this Server
0:42:11 - silly: [PeerServer] Disconnecting 
0:42:35 - silly: [HTTP] Listening on port 9000
0:42:35 - silly: [PeerManager] Starting Peer Manager with pseudo : serveur
0:42:35 - silly: [PeerServer] A Client has Connected to this Server
0:42:35 - silly: [PeerClient] Connection to http://localhost:9000 ... OK !
0:42:36 - silly: [PeerServer] A Client has Connected to this Server
0:42:39 - silly: [HTTP] Listening on port 9001
0:42:39 - silly: [PeerManager] Starting Peer Manager with pseudo : client
0:42:39 - silly: [PeerServer] A Client has Connected to this Server
0:42:39 - silly: [PeerClient] Connection to http://localhost:9000 ... OK !
0:42:39 - silly: PING n°3
0:42:41 - silly: [PeerServer] A Client has Connected to this Server
0:42:41 - silly: [PeerClient] Connection to http://localhost:9001 ... OK !
0:42:42 - silly: [PeerServer] A Client has Connected to this Server
0:43:4 - silly: [PeerServer] Disconnecting 
0:43:30 - silly: [HTTP] Listening on port 9001
0:43:30 - silly: [PeerManager] Starting Peer Manager with pseudo : client
0:43:30 - silly: [PeerServer] A Client has Connected to this Server
0:43:31 - silly: [PeerClient] Connection to http://localhost:9000 ... OK !
0:43:31 - silly: PING n°0
0:43:31 - silly: [PeerServer] A Client has Connected to this Server
0:43:35 - silly: [PeerServer] A Client has Connected to this Server
0:43:35 - silly: [PeerClient] Connection to http://localhost:9001 ... OK !
0:43:42 - silly: [PeerServer] Disconnecting 
0:43:43 - silly: [HTTP] Listening on port 9001
0:43:43 - silly: [PeerManager] Starting Peer Manager with pseudo : client
0:43:44 - silly: [PeerServer] A Client has Connected to this Server
0:43:44 - silly: [PeerClient] Connection to http://localhost:9000 ... OK !
0:43:44 - silly: PING n°1
0:43:45 - silly: [PeerServer] A Client has Connected to this Server
0:43:46 - silly: [PeerServer] A Client has Connected to this Server
0:43:46 - silly: [PeerClient] Connection to http://localhost:9001 ... OK !
0:44:9 - silly: [PeerServer] Disconnecting 
0:49:18 - silly: [HTTP] Listening on port 9001
0:49:18 - silly: [PeerServer] A Client has Connected to this Server
0:49:18 - silly: [PeerManager] Starting Peer Manager with pseudo : client
0:49:18 - silly: [PeerServer] A Client has Connected to this Server
0:49:18 - silly: [PeerClient] Connection to http://localhost:9001 ... OK !
0:49:18 - silly: [PeerServer] A Client has Connected to this Server
0:49:18 - silly: [PeerClient] Connection to http://localhost:9000 ... OK !
0:49:18 - silly: [PeerClient] PING n°1
0:49:30 - silly: [HTTP] Listening on port 9000
0:49:30 - silly: [PeerManager] Starting Peer Manager with pseudo : serveur
0:49:30 - silly: [PeerServer] A Client has Connected to this Server
0:49:30 - silly: [PeerClient] Connection to http://localhost:9000 ... OK !
0:49:31 - silly: [PeerServer] A Client has Connected to this Server
0:49:31 - silly: [PeerClient] Connection to http://localhost:9000 ... OK !
0:49:31 - silly: [PeerClient] PING n°1
0:49:31 - silly: [PeerServer] A Client has Connected to this Server
0:49:56 - silly: [PeerServer] Disconnecting 
